2016-04-25 15:15:33 INFO  Version:66 - HCANN000001: Hibernate Commons Annotations {4.0.5.Final}
2016-04-25 15:15:33 INFO  Version:54 - HHH000412: Hibernate Core {4.3.11.Final}
2016-04-25 15:15:33 INFO  Environment:239 - HHH000206: hibernate.properties not found
2016-04-25 15:15:33 INFO  Environment:346 - HHH000021: Bytecode provider name : javassist
2016-04-25 15:15:33 INFO  Configuration:2075 - HHH000043: Configuring from resource: /hibernate.cfg.xml
2016-04-25 15:15:33 INFO  Configuration:2094 - HHH000040: Configuration resource: /hibernate.cfg.xml
2016-04-25 15:15:33 WARN  DTDEntityResolver:75 - HHH000223: Recognized obsolete hibernate namespace http://hibernate.sourceforge.net/. Use namespace http://www.hibernate.org/dtd/ instead. Refer to Hibernate 3.6 Migration Guide!
2016-04-25 15:15:33 INFO  Configuration:759 - HHH000221: Reading mappings from resource: mx/trillas/ControlEnvio/persistence/pojos/Guia.hbm.xml
2016-04-25 15:15:33 INFO  Configuration:759 - HHH000221: Reading mappings from resource: mx/trillas/ControlEnvio/persistence/pojos/Usuario.hbm.xml
2016-04-25 15:15:33 INFO  Configuration:759 - HHH000221: Reading mappings from resource: mx/trillas/ControlEnvio/persistence/pojos/Mensajeria.hbm.xml
2016-04-25 15:15:33 INFO  Configuration:759 - HHH000221: Reading mappings from resource: mx/trillas/ControlEnvio/persistence/pojos/Tiposusuario.hbm.xml
2016-04-25 15:15:33 INFO  Configuration:759 - HHH000221: Reading mappings from resource: mx/trillas/ControlEnvio/persistence/pojos/Origen.hbm.xml
2016-04-25 15:15:33 INFO  Configuration:759 - HHH000221: Reading mappings from resource: mx/trillas/ControlEnvio/persistence/pojos/Departamento.hbm.xml
2016-04-25 15:15:33 INFO  Configuration:759 - HHH000221: Reading mappings from resource: mx/trillas/ControlEnvio/persistence/pojos/Destinatario.hbm.xml
2016-04-25 15:15:33 INFO  Configuration:2216 - HHH000041: Configured SessionFactory: null
2016-04-25 15:15:33 WARN  DriverManagerConnectionProviderImpl:93 - HHH000402: Using Hibernate built-in connection pool (not for production use!)
2016-04-25 15:15:33 INFO  DriverManagerConnectionProviderImpl:166 - HHH000401: using driver [com.mysql.jdbc.Driver] at URL [jdbc:mysql://localhost:3306/controlenvios?zeroDateTimeBehavior=convertToNull]
2016-04-25 15:15:33 INFO  DriverManagerConnectionProviderImpl:175 - HHH000046: Connection properties: {user=controlenvios, password=****}
2016-04-25 15:15:33 INFO  DriverManagerConnectionProviderImpl:180 - HHH000006: Autocommit mode: false
2016-04-25 15:15:33 INFO  DriverManagerConnectionProviderImpl:102 - HHH000115: Hibernate connection pool size: 20 (min=1)
2016-04-25 15:15:34 INFO  Dialect:145 - HHH000400: Using dialect: org.hibernate.dialect.MySQLDialect
2016-04-25 15:15:34 INFO  LobCreatorBuilder:97 - HHH000423: Disabling contextual LOB creation as JDBC driver reported JDBC version [3] less than 4
2016-04-25 15:15:34 INFO  TransactionFactoryInitiator:62 - HHH000399: Using default transaction strategy (direct JDBC transactions)
2016-04-25 15:15:34 INFO  ASTQueryTranslatorFactory:47 - HHH000397: Using ASTQueryTranslatorFactory
2016-04-25 15:15:53 INFO  Version:66 - HCANN000001: Hibernate Commons Annotations {4.0.5.Final}
2016-04-25 15:15:53 INFO  Version:54 - HHH000412: Hibernate Core {4.3.11.Final}
2016-04-25 15:15:53 INFO  Environment:239 - HHH000206: hibernate.properties not found
2016-04-25 15:15:53 INFO  Environment:346 - HHH000021: Bytecode provider name : javassist
2016-04-25 15:15:53 INFO  Configuration:2075 - HHH000043: Configuring from resource: /hibernate.cfg.xml
2016-04-25 15:15:53 INFO  Configuration:2094 - HHH000040: Configuration resource: /hibernate.cfg.xml
2016-04-25 15:15:53 WARN  DTDEntityResolver:75 - HHH000223: Recognized obsolete hibernate namespace http://hibernate.sourceforge.net/. Use namespace http://www.hibernate.org/dtd/ instead. Refer to Hibernate 3.6 Migration Guide!
2016-04-25 15:15:53 INFO  Configuration:759 - HHH000221: Reading mappings from resource: mx/trillas/ControlEnvio/persistence/pojos/Guia.hbm.xml
2016-04-25 15:15:53 INFO  Configuration:759 - HHH000221: Reading mappings from resource: mx/trillas/ControlEnvio/persistence/pojos/Usuario.hbm.xml
2016-04-25 15:15:53 INFO  Configuration:759 - HHH000221: Reading mappings from resource: mx/trillas/ControlEnvio/persistence/pojos/Mensajeria.hbm.xml
2016-04-25 15:15:53 INFO  Configuration:759 - HHH000221: Reading mappings from resource: mx/trillas/ControlEnvio/persistence/pojos/Tiposusuario.hbm.xml
2016-04-25 15:15:53 INFO  Configuration:759 - HHH000221: Reading mappings from resource: mx/trillas/ControlEnvio/persistence/pojos/Origen.hbm.xml
2016-04-25 15:15:53 INFO  Configuration:759 - HHH000221: Reading mappings from resource: mx/trillas/ControlEnvio/persistence/pojos/Departamento.hbm.xml
2016-04-25 15:15:53 INFO  Configuration:759 - HHH000221: Reading mappings from resource: mx/trillas/ControlEnvio/persistence/pojos/Destinatario.hbm.xml
2016-04-25 15:15:53 INFO  Configuration:2216 - HHH000041: Configured SessionFactory: null
2016-04-25 15:15:53 WARN  DriverManagerConnectionProviderImpl:93 - HHH000402: Using Hibernate built-in connection pool (not for production use!)
2016-04-25 15:15:53 INFO  DriverManagerConnectionProviderImpl:166 - HHH000401: using driver [com.mysql.jdbc.Driver] at URL [jdbc:mysql://localhost:3306/controlenvios?zeroDateTimeBehavior=convertToNull]
2016-04-25 15:15:53 INFO  DriverManagerConnectionProviderImpl:175 - HHH000046: Connection properties: {user=controlenvios, password=****}
2016-04-25 15:15:53 INFO  DriverManagerConnectionProviderImpl:180 - HHH000006: Autocommit mode: false
2016-04-25 15:15:53 INFO  DriverManagerConnectionProviderImpl:102 - HHH000115: Hibernate connection pool size: 20 (min=1)
2016-04-25 15:15:53 INFO  Dialect:145 - HHH000400: Using dialect: org.hibernate.dialect.MySQLDialect
2016-04-25 15:15:53 INFO  LobCreatorBuilder:97 - HHH000423: Disabling contextual LOB creation as JDBC driver reported JDBC version [3] less than 4
2016-04-25 15:15:53 INFO  TransactionFactoryInitiator:62 - HHH000399: Using default transaction strategy (direct JDBC transactions)
2016-04-25 15:15:53 INFO  ASTQueryTranslatorFactory:47 - HHH000397: Using ASTQueryTranslatorFactory
2016-04-26 09:44:39 INFO  Version:66 - HCANN000001: Hibernate Commons Annotations {4.0.5.Final}
2016-04-26 09:44:39 INFO  Version:54 - HHH000412: Hibernate Core {4.3.11.Final}
2016-04-26 09:44:39 INFO  Environment:239 - HHH000206: hibernate.properties not found
2016-04-26 09:44:39 INFO  Environment:346 - HHH000021: Bytecode provider name : javassist
2016-04-26 09:44:39 INFO  Configuration:2075 - HHH000043: Configuring from resource: /hibernate.cfg.xml
2016-04-26 09:44:39 INFO  Configuration:2094 - HHH000040: Configuration resource: /hibernate.cfg.xml
2016-04-26 09:44:39 WARN  DTDEntityResolver:75 - HHH000223: Recognized obsolete hibernate namespace http://hibernate.sourceforge.net/. Use namespace http://www.hibernate.org/dtd/ instead. Refer to Hibernate 3.6 Migration Guide!
2016-04-26 09:44:40 INFO  Configuration:759 - HHH000221: Reading mappings from resource: mx/trillas/ControlEnvio/persistence/pojos/Guia.hbm.xml
2016-04-26 09:44:40 INFO  Configuration:759 - HHH000221: Reading mappings from resource: mx/trillas/ControlEnvio/persistence/pojos/Usuario.hbm.xml
2016-04-26 09:44:40 INFO  Configuration:759 - HHH000221: Reading mappings from resource: mx/trillas/ControlEnvio/persistence/pojos/Mensajeria.hbm.xml
2016-04-26 09:44:40 INFO  Configuration:759 - HHH000221: Reading mappings from resource: mx/trillas/ControlEnvio/persistence/pojos/Tiposusuario.hbm.xml
2016-04-26 09:44:40 INFO  Configuration:759 - HHH000221: Reading mappings from resource: mx/trillas/ControlEnvio/persistence/pojos/Origen.hbm.xml
2016-04-26 09:44:40 INFO  Configuration:759 - HHH000221: Reading mappings from resource: mx/trillas/ControlEnvio/persistence/pojos/Departamento.hbm.xml
2016-04-26 09:44:40 INFO  Configuration:759 - HHH000221: Reading mappings from resource: mx/trillas/ControlEnvio/persistence/pojos/Destinatario.hbm.xml
2016-04-26 09:44:40 INFO  Configuration:2216 - HHH000041: Configured SessionFactory: null
2016-04-26 09:44:40 WARN  DriverManagerConnectionProviderImpl:93 - HHH000402: Using Hibernate built-in connection pool (not for production use!)
2016-04-26 09:44:40 INFO  DriverManagerConnectionProviderImpl:166 - HHH000401: using driver [com.mysql.jdbc.Driver] at URL [jdbc:mysql://localhost:3306/controlenvios?zeroDateTimeBehavior=convertToNull]
2016-04-26 09:44:40 INFO  DriverManagerConnectionProviderImpl:175 - HHH000046: Connection properties: {user=controlenvios, password=****}
2016-04-26 09:44:40 INFO  DriverManagerConnectionProviderImpl:180 - HHH000006: Autocommit mode: false
2016-04-26 09:44:40 INFO  DriverManagerConnectionProviderImpl:102 - HHH000115: Hibernate connection pool size: 20 (min=1)
2016-04-26 09:44:40 INFO  Dialect:145 - HHH000400: Using dialect: org.hibernate.dialect.MySQLDialect
2016-04-26 09:44:40 INFO  LobCreatorBuilder:97 - HHH000423: Disabling contextual LOB creation as JDBC driver reported JDBC version [3] less than 4
2016-04-26 09:44:40 INFO  TransactionFactoryInitiator:62 - HHH000399: Using default transaction strategy (direct JDBC transactions)
2016-04-26 09:44:40 INFO  ASTQueryTranslatorFactory:47 - HHH000397: Using ASTQueryTranslatorFactory
2016-04-26 10:01:34 INFO  Version:66 - HCANN000001: Hibernate Commons Annotations {4.0.5.Final}
2016-04-26 10:01:34 INFO  Version:54 - HHH000412: Hibernate Core {4.3.11.Final}
2016-04-26 10:01:34 INFO  Environment:239 - HHH000206: hibernate.properties not found
2016-04-26 10:01:34 INFO  Environment:346 - HHH000021: Bytecode provider name : javassist
2016-04-26 10:01:34 INFO  Configuration:2075 - HHH000043: Configuring from resource: /hibernate.cfg.xml
2016-04-26 10:01:34 INFO  Configuration:2094 - HHH000040: Configuration resource: /hibernate.cfg.xml
2016-04-26 10:01:34 WARN  DTDEntityResolver:75 - HHH000223: Recognized obsolete hibernate namespace http://hibernate.sourceforge.net/. Use namespace http://www.hibernate.org/dtd/ instead. Refer to Hibernate 3.6 Migration Guide!
2016-04-26 10:01:34 INFO  Configuration:759 - HHH000221: Reading mappings from resource: mx/trillas/ControlEnvio/persistence/pojos/Guia.hbm.xml
2016-04-26 10:01:34 INFO  Configuration:759 - HHH000221: Reading mappings from resource: mx/trillas/ControlEnvio/persistence/pojos/Usuario.hbm.xml
2016-04-26 10:01:34 INFO  Configuration:759 - HHH000221: Reading mappings from resource: mx/trillas/ControlEnvio/persistence/pojos/Mensajeria.hbm.xml
2016-04-26 10:01:34 INFO  Configuration:759 - HHH000221: Reading mappings from resource: mx/trillas/ControlEnvio/persistence/pojos/Tiposusuario.hbm.xml
2016-04-26 10:01:34 INFO  Configuration:759 - HHH000221: Reading mappings from resource: mx/trillas/ControlEnvio/persistence/pojos/Origen.hbm.xml
2016-04-26 10:01:34 INFO  Configuration:759 - HHH000221: Reading mappings from resource: mx/trillas/ControlEnvio/persistence/pojos/Departamento.hbm.xml
2016-04-26 10:01:34 INFO  Configuration:759 - HHH000221: Reading mappings from resource: mx/trillas/ControlEnvio/persistence/pojos/Destinatario.hbm.xml
2016-04-26 10:01:34 INFO  Configuration:2216 - HHH000041: Configured SessionFactory: null
2016-04-26 10:01:34 WARN  DriverManagerConnectionProviderImpl:93 - HHH000402: Using Hibernate built-in connection pool (not for production use!)
2016-04-26 10:01:34 INFO  DriverManagerConnectionProviderImpl:166 - HHH000401: using driver [com.mysql.jdbc.Driver] at URL [jdbc:mysql://localhost:3306/controlenvios?zeroDateTimeBehavior=convertToNull]
2016-04-26 10:01:34 INFO  DriverManagerConnectionProviderImpl:175 - HHH000046: Connection properties: {user=controlenvios, password=****}
2016-04-26 10:01:34 INFO  DriverManagerConnectionProviderImpl:180 - HHH000006: Autocommit mode: false
2016-04-26 10:01:34 INFO  DriverManagerConnectionProviderImpl:102 - HHH000115: Hibernate connection pool size: 20 (min=1)
2016-04-26 10:01:35 INFO  Dialect:145 - HHH000400: Using dialect: org.hibernate.dialect.MySQLDialect
2016-04-26 10:01:35 INFO  LobCreatorBuilder:97 - HHH000423: Disabling contextual LOB creation as JDBC driver reported JDBC version [3] less than 4
2016-04-26 10:01:35 INFO  TransactionFactoryInitiator:62 - HHH000399: Using default transaction strategy (direct JDBC transactions)
2016-04-26 10:01:35 INFO  ASTQueryTranslatorFactory:47 - HHH000397: Using ASTQueryTranslatorFactory
2016-04-26 10:19:43 INFO  Version:66 - HCANN000001: Hibernate Commons Annotations {4.0.5.Final}
2016-04-26 10:19:43 INFO  Version:54 - HHH000412: Hibernate Core {4.3.11.Final}
2016-04-26 10:19:43 INFO  Environment:239 - HHH000206: hibernate.properties not found
2016-04-26 10:19:43 INFO  Environment:346 - HHH000021: Bytecode provider name : javassist
2016-04-26 10:19:43 INFO  Configuration:2075 - HHH000043: Configuring from resource: /hibernate.cfg.xml
2016-04-26 10:19:43 INFO  Configuration:2094 - HHH000040: Configuration resource: /hibernate.cfg.xml
2016-04-26 10:19:43 WARN  DTDEntityResolver:75 - HHH000223: Recognized obsolete hibernate namespace http://hibernate.sourceforge.net/. Use namespace http://www.hibernate.org/dtd/ instead. Refer to Hibernate 3.6 Migration Guide!
2016-04-26 10:19:43 INFO  Configuration:759 - HHH000221: Reading mappings from resource: mx/trillas/ControlEnvio/persistence/pojos/Guia.hbm.xml
2016-04-26 10:19:43 INFO  Configuration:759 - HHH000221: Reading mappings from resource: mx/trillas/ControlEnvio/persistence/pojos/Usuario.hbm.xml
2016-04-26 10:19:43 INFO  Configuration:759 - HHH000221: Reading mappings from resource: mx/trillas/ControlEnvio/persistence/pojos/Mensajeria.hbm.xml
2016-04-26 10:19:43 INFO  Configuration:759 - HHH000221: Reading mappings from resource: mx/trillas/ControlEnvio/persistence/pojos/Tiposusuario.hbm.xml
2016-04-26 10:19:43 INFO  Configuration:759 - HHH000221: Reading mappings from resource: mx/trillas/ControlEnvio/persistence/pojos/Origen.hbm.xml
2016-04-26 10:19:43 INFO  Configuration:759 - HHH000221: Reading mappings from resource: mx/trillas/ControlEnvio/persistence/pojos/Departamento.hbm.xml
2016-04-26 10:19:43 INFO  Configuration:759 - HHH000221: Reading mappings from resource: mx/trillas/ControlEnvio/persistence/pojos/Destinatario.hbm.xml
2016-04-26 10:19:43 INFO  Configuration:2216 - HHH000041: Configured SessionFactory: null
2016-04-26 10:19:43 WARN  DriverManagerConnectionProviderImpl:93 - HHH000402: Using Hibernate built-in connection pool (not for production use!)
2016-04-26 10:19:43 INFO  DriverManagerConnectionProviderImpl:166 - HHH000401: using driver [com.mysql.jdbc.Driver] at URL [jdbc:mysql://localhost:3306/controlenvios?zeroDateTimeBehavior=convertToNull]
2016-04-26 10:19:43 INFO  DriverManagerConnectionProviderImpl:175 - HHH000046: Connection properties: {user=controlenvios, password=****}
2016-04-26 10:19:43 INFO  DriverManagerConnectionProviderImpl:180 - HHH000006: Autocommit mode: false
2016-04-26 10:19:43 INFO  DriverManagerConnectionProviderImpl:102 - HHH000115: Hibernate connection pool size: 20 (min=1)
2016-04-26 10:19:43 INFO  Dialect:145 - HHH000400: Using dialect: org.hibernate.dialect.MySQLDialect
2016-04-26 10:19:43 INFO  LobCreatorBuilder:97 - HHH000423: Disabling contextual LOB creation as JDBC driver reported JDBC version [3] less than 4
2016-04-26 10:19:43 INFO  TransactionFactoryInitiator:62 - HHH000399: Using default transaction strategy (direct JDBC transactions)
2016-04-26 10:19:43 INFO  ASTQueryTranslatorFactory:47 - HHH000397: Using ASTQueryTranslatorFactory
2016-04-26 10:27:35 INFO  Version:66 - HCANN000001: Hibernate Commons Annotations {4.0.5.Final}
2016-04-26 10:27:35 INFO  Version:54 - HHH000412: Hibernate Core {4.3.11.Final}
2016-04-26 10:27:35 INFO  Environment:239 - HHH000206: hibernate.properties not found
2016-04-26 10:27:35 INFO  Environment:346 - HHH000021: Bytecode provider name : javassist
2016-04-26 10:27:35 INFO  Configuration:2075 - HHH000043: Configuring from resource: /hibernate.cfg.xml
2016-04-26 10:27:35 INFO  Configuration:2094 - HHH000040: Configuration resource: /hibernate.cfg.xml
2016-04-26 10:27:35 WARN  DTDEntityResolver:75 - HHH000223: Recognized obsolete hibernate namespace http://hibernate.sourceforge.net/. Use namespace http://www.hibernate.org/dtd/ instead. Refer to Hibernate 3.6 Migration Guide!
2016-04-26 10:27:35 INFO  Configuration:759 - HHH000221: Reading mappings from resource: mx/trillas/ControlEnvio/persistence/pojos/Guia.hbm.xml
2016-04-26 10:27:35 INFO  Configuration:759 - HHH000221: Reading mappings from resource: mx/trillas/ControlEnvio/persistence/pojos/Usuario.hbm.xml
2016-04-26 10:27:35 INFO  Configuration:759 - HHH000221: Reading mappings from resource: mx/trillas/ControlEnvio/persistence/pojos/Mensajeria.hbm.xml
2016-04-26 10:27:35 INFO  Configuration:759 - HHH000221: Reading mappings from resource: mx/trillas/ControlEnvio/persistence/pojos/Tiposusuario.hbm.xml
2016-04-26 10:27:35 INFO  Configuration:759 - HHH000221: Reading mappings from resource: mx/trillas/ControlEnvio/persistence/pojos/Origen.hbm.xml
2016-04-26 10:27:35 INFO  Configuration:759 - HHH000221: Reading mappings from resource: mx/trillas/ControlEnvio/persistence/pojos/Departamento.hbm.xml
2016-04-26 10:27:35 INFO  Configuration:759 - HHH000221: Reading mappings from resource: mx/trillas/ControlEnvio/persistence/pojos/Destinatario.hbm.xml
2016-04-26 10:27:35 INFO  Configuration:2216 - HHH000041: Configured SessionFactory: null
2016-04-26 10:27:35 WARN  DriverManagerConnectionProviderImpl:93 - HHH000402: Using Hibernate built-in connection pool (not for production use!)
2016-04-26 10:27:35 INFO  DriverManagerConnectionProviderImpl:166 - HHH000401: using driver [com.mysql.jdbc.Driver] at URL [jdbc:mysql://localhost:3306/controlenvios?zeroDateTimeBehavior=convertToNull]
2016-04-26 10:27:35 INFO  DriverManagerConnectionProviderImpl:175 - HHH000046: Connection properties: {user=controlenvios, password=****}
2016-04-26 10:27:35 INFO  DriverManagerConnectionProviderImpl:180 - HHH000006: Autocommit mode: false
2016-04-26 10:27:35 INFO  DriverManagerConnectionProviderImpl:102 - HHH000115: Hibernate connection pool size: 20 (min=1)
2016-04-26 10:27:36 INFO  Dialect:145 - HHH000400: Using dialect: org.hibernate.dialect.MySQLDialect
2016-04-26 10:27:36 INFO  LobCreatorBuilder:97 - HHH000423: Disabling contextual LOB creation as JDBC driver reported JDBC version [3] less than 4
2016-04-26 10:27:36 INFO  TransactionFactoryInitiator:62 - HHH000399: Using default transaction strategy (direct JDBC transactions)
2016-04-26 10:27:36 INFO  ASTQueryTranslatorFactory:47 - HHH000397: Using ASTQueryTranslatorFactory
2016-04-26 10:48:45 INFO  Version:66 - HCANN000001: Hibernate Commons Annotations {4.0.5.Final}
2016-04-26 10:48:45 INFO  Version:54 - HHH000412: Hibernate Core {4.3.11.Final}
2016-04-26 10:48:45 INFO  Environment:239 - HHH000206: hibernate.properties not found
2016-04-26 10:48:45 INFO  Environment:346 - HHH000021: Bytecode provider name : javassist
2016-04-26 10:48:45 INFO  Configuration:2075 - HHH000043: Configuring from resource: /hibernate.cfg.xml
2016-04-26 10:48:45 INFO  Configuration:2094 - HHH000040: Configuration resource: /hibernate.cfg.xml
2016-04-26 10:48:45 WARN  DTDEntityResolver:75 - HHH000223: Recognized obsolete hibernate namespace http://hibernate.sourceforge.net/. Use namespace http://www.hibernate.org/dtd/ instead. Refer to Hibernate 3.6 Migration Guide!
2016-04-26 10:48:45 INFO  Configuration:759 - HHH000221: Reading mappings from resource: mx/trillas/ControlEnvio/persistence/pojos/Guia.hbm.xml
2016-04-26 10:48:45 INFO  Configuration:759 - HHH000221: Reading mappings from resource: mx/trillas/ControlEnvio/persistence/pojos/Usuario.hbm.xml
2016-04-26 10:48:45 INFO  Configuration:759 - HHH000221: Reading mappings from resource: mx/trillas/ControlEnvio/persistence/pojos/Mensajeria.hbm.xml
2016-04-26 10:48:45 INFO  Configuration:759 - HHH000221: Reading mappings from resource: mx/trillas/ControlEnvio/persistence/pojos/Tiposusuario.hbm.xml
2016-04-26 10:48:45 INFO  Configuration:759 - HHH000221: Reading mappings from resource: mx/trillas/ControlEnvio/persistence/pojos/Origen.hbm.xml
2016-04-26 10:48:45 INFO  Configuration:759 - HHH000221: Reading mappings from resource: mx/trillas/ControlEnvio/persistence/pojos/Departamento.hbm.xml
2016-04-26 10:48:45 INFO  Configuration:759 - HHH000221: Reading mappings from resource: mx/trillas/ControlEnvio/persistence/pojos/Destinatario.hbm.xml
2016-04-26 10:48:45 INFO  Configuration:2216 - HHH000041: Configured SessionFactory: null
2016-04-26 10:48:45 WARN  DriverManagerConnectionProviderImpl:93 - HHH000402: Using Hibernate built-in connection pool (not for production use!)
2016-04-26 10:48:45 INFO  DriverManagerConnectionProviderImpl:166 - HHH000401: using driver [com.mysql.jdbc.Driver] at URL [jdbc:mysql://localhost:3306/controlenvios?zeroDateTimeBehavior=convertToNull]
2016-04-26 10:48:45 INFO  DriverManagerConnectionProviderImpl:175 - HHH000046: Connection properties: {user=controlenvios, password=****}
2016-04-26 10:48:45 INFO  DriverManagerConnectionProviderImpl:180 - HHH000006: Autocommit mode: false
2016-04-26 10:48:45 INFO  DriverManagerConnectionProviderImpl:102 - HHH000115: Hibernate connection pool size: 20 (min=1)
2016-04-26 10:48:46 INFO  Dialect:145 - HHH000400: Using dialect: org.hibernate.dialect.MySQLDialect
2016-04-26 10:48:46 INFO  LobCreatorBuilder:97 - HHH000423: Disabling contextual LOB creation as JDBC driver reported JDBC version [3] less than 4
2016-04-26 10:48:46 INFO  TransactionFactoryInitiator:62 - HHH000399: Using default transaction strategy (direct JDBC transactions)
2016-04-26 10:48:46 INFO  ASTQueryTranslatorFactory:47 - HHH000397: Using ASTQueryTranslatorFactory
2016-04-26 10:50:14 INFO  Version:66 - HCANN000001: Hibernate Commons Annotations {4.0.5.Final}
2016-04-26 10:50:14 INFO  Version:54 - HHH000412: Hibernate Core {4.3.11.Final}
2016-04-26 10:50:14 INFO  Environment:239 - HHH000206: hibernate.properties not found
2016-04-26 10:50:14 INFO  Environment:346 - HHH000021: Bytecode provider name : javassist
2016-04-26 10:50:14 INFO  Configuration:2075 - HHH000043: Configuring from resource: /hibernate.cfg.xml
2016-04-26 10:50:14 INFO  Configuration:2094 - HHH000040: Configuration resource: /hibernate.cfg.xml
2016-04-26 10:50:14 WARN  DTDEntityResolver:75 - HHH000223: Recognized obsolete hibernate namespace http://hibernate.sourceforge.net/. Use namespace http://www.hibernate.org/dtd/ instead. Refer to Hibernate 3.6 Migration Guide!
2016-04-26 10:50:14 INFO  Configuration:759 - HHH000221: Reading mappings from resource: mx/trillas/ControlEnvio/persistence/pojos/Guia.hbm.xml
2016-04-26 10:50:14 INFO  Configuration:759 - HHH000221: Reading mappings from resource: mx/trillas/ControlEnvio/persistence/pojos/Usuario.hbm.xml
2016-04-26 10:50:14 INFO  Configuration:759 - HHH000221: Reading mappings from resource: mx/trillas/ControlEnvio/persistence/pojos/Mensajeria.hbm.xml
2016-04-26 10:50:14 INFO  Configuration:759 - HHH000221: Reading mappings from resource: mx/trillas/ControlEnvio/persistence/pojos/Tiposusuario.hbm.xml
2016-04-26 10:50:14 INFO  Configuration:759 - HHH000221: Reading mappings from resource: mx/trillas/ControlEnvio/persistence/pojos/Origen.hbm.xml
2016-04-26 10:50:14 INFO  Configuration:759 - HHH000221: Reading mappings from resource: mx/trillas/ControlEnvio/persistence/pojos/Departamento.hbm.xml
2016-04-26 10:50:14 INFO  Configuration:759 - HHH000221: Reading mappings from resource: mx/trillas/ControlEnvio/persistence/pojos/Destinatario.hbm.xml
2016-04-26 10:50:14 INFO  Configuration:2216 - HHH000041: Configured SessionFactory: null
2016-04-26 10:50:15 WARN  DriverManagerConnectionProviderImpl:93 - HHH000402: Using Hibernate built-in connection pool (not for production use!)
2016-04-26 10:50:15 INFO  DriverManagerConnectionProviderImpl:166 - HHH000401: using driver [com.mysql.jdbc.Driver] at URL [jdbc:mysql://localhost:3306/controlenvios?zeroDateTimeBehavior=convertToNull]
2016-04-26 10:50:15 INFO  DriverManagerConnectionProviderImpl:175 - HHH000046: Connection properties: {user=controlenvios, password=****}
2016-04-26 10:50:15 INFO  DriverManagerConnectionProviderImpl:180 - HHH000006: Autocommit mode: false
2016-04-26 10:50:15 INFO  DriverManagerConnectionProviderImpl:102 - HHH000115: Hibernate connection pool size: 20 (min=1)
2016-04-26 10:50:15 INFO  Dialect:145 - HHH000400: Using dialect: org.hibernate.dialect.MySQLDialect
2016-04-26 10:50:15 INFO  LobCreatorBuilder:97 - HHH000423: Disabling contextual LOB creation as JDBC driver reported JDBC version [3] less than 4
2016-04-26 10:50:15 INFO  TransactionFactoryInitiator:62 - HHH000399: Using default transaction strategy (direct JDBC transactions)
2016-04-26 10:50:15 INFO  ASTQueryTranslatorFactory:47 - HHH000397: Using ASTQueryTranslatorFactory
2016-04-26 10:51:08 ERROR Login:39 - Password vacio
2016-04-26 10:51:15 INFO  Version:66 - HCANN000001: Hibernate Commons Annotations {4.0.5.Final}
2016-04-26 10:51:15 INFO  Version:54 - HHH000412: Hibernate Core {4.3.11.Final}
2016-04-26 10:51:15 INFO  Environment:239 - HHH000206: hibernate.properties not found
2016-04-26 10:51:15 INFO  Environment:346 - HHH000021: Bytecode provider name : javassist
2016-04-26 10:51:15 INFO  Configuration:2075 - HHH000043: Configuring from resource: /hibernate.cfg.xml
2016-04-26 10:51:15 INFO  Configuration:2094 - HHH000040: Configuration resource: /hibernate.cfg.xml
2016-04-26 10:51:15 WARN  DTDEntityResolver:75 - HHH000223: Recognized obsolete hibernate namespace http://hibernate.sourceforge.net/. Use namespace http://www.hibernate.org/dtd/ instead. Refer to Hibernate 3.6 Migration Guide!
2016-04-26 10:51:15 INFO  Configuration:759 - HHH000221: Reading mappings from resource: mx/trillas/ControlEnvio/persistence/pojos/Guia.hbm.xml
2016-04-26 10:51:15 INFO  Configuration:759 - HHH000221: Reading mappings from resource: mx/trillas/ControlEnvio/persistence/pojos/Usuario.hbm.xml
2016-04-26 10:51:15 INFO  Configuration:759 - HHH000221: Reading mappings from resource: mx/trillas/ControlEnvio/persistence/pojos/Mensajeria.hbm.xml
2016-04-26 10:51:15 INFO  Configuration:759 - HHH000221: Reading mappings from resource: mx/trillas/ControlEnvio/persistence/pojos/Tiposusuario.hbm.xml
2016-04-26 10:51:15 INFO  Configuration:759 - HHH000221: Reading mappings from resource: mx/trillas/ControlEnvio/persistence/pojos/Origen.hbm.xml
2016-04-26 10:51:15 INFO  Configuration:759 - HHH000221: Reading mappings from resource: mx/trillas/ControlEnvio/persistence/pojos/Departamento.hbm.xml
2016-04-26 10:51:15 INFO  Configuration:759 - HHH000221: Reading mappings from resource: mx/trillas/ControlEnvio/persistence/pojos/Destinatario.hbm.xml
2016-04-26 10:51:15 INFO  Configuration:2216 - HHH000041: Configured SessionFactory: null
2016-04-26 10:51:15 WARN  DriverManagerConnectionProviderImpl:93 - HHH000402: Using Hibernate built-in connection pool (not for production use!)
2016-04-26 10:51:15 INFO  DriverManagerConnectionProviderImpl:166 - HHH000401: using driver [com.mysql.jdbc.Driver] at URL [jdbc:mysql://localhost:3306/controlenvios?zeroDateTimeBehavior=convertToNull]
2016-04-26 10:51:15 INFO  DriverManagerConnectionProviderImpl:175 - HHH000046: Connection properties: {user=controlenvios, password=****}
2016-04-26 10:51:15 INFO  DriverManagerConnectionProviderImpl:180 - HHH000006: Autocommit mode: false
2016-04-26 10:51:15 INFO  DriverManagerConnectionProviderImpl:102 - HHH000115: Hibernate connection pool size: 20 (min=1)
2016-04-26 10:51:15 INFO  Dialect:145 - HHH000400: Using dialect: org.hibernate.dialect.MySQLDialect
2016-04-26 10:51:15 INFO  LobCreatorBuilder:97 - HHH000423: Disabling contextual LOB creation as JDBC driver reported JDBC version [3] less than 4
2016-04-26 10:51:15 INFO  TransactionFactoryInitiator:62 - HHH000399: Using default transaction strategy (direct JDBC transactions)
2016-04-26 10:51:15 INFO  ASTQueryTranslatorFactory:47 - HHH000397: Using ASTQueryTranslatorFactory
2016-04-26 10:51:15 ERROR Login:64 - El usuario ingresado no existe
2016-04-26 10:51:19 ERROR Login:31 - Username vacio
