2016-05-25 13:02:18 ERROR CapturaWindow:416 - El campo número guia no puede ir vacío
2016-05-25 13:02:26 ERROR CapturaWindow:422 - El campo número guia no contiene la estructura requerida
2016-05-25 14:00:51 ERROR LoginWindow:111 - No es posible validar usuario.
2016-05-25 14:00:56 ERROR LoginWindow:111 - No es posible validar usuario.
2016-05-25 14:01:54 ERROR LoginWindow:111 - No es posible validar usuario.
2016-05-25 14:02:34 ERROR LoginWindow:111 - No es posible validar usuario.
2016-05-25 14:11:17 ERROR LoginWindow:111 - No es posible validar usuario.
2016-05-25 14:11:40 ERROR LoginWindow:111 - No es posible validar usuario.
2016-05-25 14:11:42 ERROR LoginWindow:231 - No es posible validar usuario.
2016-05-25 14:12:44 ERROR LoginWindow:111 - No es posible validar usuario.
2016-05-25 14:12:47 ERROR LoginWindow:111 - No es posible validar usuario.
2016-05-25 14:12:48 ERROR LoginWindow:111 - No es posible validar usuario.
2016-05-25 14:14:05 ERROR LoginWindow:111 - No es posible validar usuario.
2016-05-25 14:15:15 ERROR LoginWindow:111 - No es posible validar usuario.
2016-05-25 14:15:41 ERROR LoginWindow:111 - No es posible validar usuario.
2016-05-25 14:17:02 ERROR LoginWindow:111 - No es posible validar usuario.
2016-05-25 14:17:55 ERROR LoginWindow:112 - No es posible validar usuario.
2016-05-25 14:20:09 ERROR LoginWindow:112 - No es posible validar usuario.
2016-05-26 10:11:26 ERROR ReportWindow:519 - could not initialize proxy - no Session
2016-05-26 10:32:28 ERROR ReportWindow:519 - could not initialize proxy - no Session
2016-05-26 11:04:19 ERROR CapturaWindow:417 - El campo número guia no puede ir vacío
2016-05-26 11:21:25 ERROR ReportWindow:519 - could not initialize proxy - no Session
2016-05-26 13:11:58 ERROR ReportWindow:321 - El rango de fechas no arroja ningún registro. Intente con otro rango de fechas.
2016-05-26 13:12:02 ERROR ReportWindow:321 - El rango de fechas no arroja ningún registro. Intente con otro rango de fechas.
